<?xml version="1.0" encoding="UTF-8"?>
<testsuite name="FirstClassTest" tests="1" skipped="0" failures="0" errors="0" timestamp="2020-09-19T16:56:50" hostname="192-168-0-168.rdsnet.ro" time="0.023">
  <properties/>
  <testcase name="get endpoint test()" classname="FirstClassTest" time="0.023"/>
  <system-out><![CDATA[]]></system-out>
  <system-err><![CDATA[]]></system-err>
</testsuite>
